<?xml version="1.0" encoding="UTF-8"?>
<!-- Generated by org.testng.reporters.JUnitXMLReporter -->
<testsuite ignored="0" hostname="DESKTOP-HFQTB3K" failures="0" tests="4" name="Default test" time="6.865" errors="0" timestamp="2024-08-03T11:36:03 IST">
  <testcase classname="com.example.requests.Curd_Operation" name="get_list_of_users" time="3.72"/>
  <testcase classname="com.example.requests.Curd_Operation" name="createUser" time="2.212"/>
  <testcase classname="com.example.requests.Curd_Operation" name="updateUser" time="0.402"/>
  <testcase classname="com.example.requests.Curd_Operation" name="deleteUser" time="0.401"/>
</testsuite> <!-- Default test -->
