<?xml version="1.0" encoding="UTF-8"?>
<testng-results ignored="0" total="4" passed="4" failed="0" skipped="0">
  <reporter-output>
  </reporter-output>
  <suite started-at="2024-08-03T11:35:56 IST" name="Default suite" finished-at="2024-08-03T11:36:03 IST" duration-ms="6865">
    <groups>
    </groups>
    <test started-at="2024-08-03T11:35:56 IST" name="Default test" finished-at="2024-08-03T11:36:03 IST" duration-ms="6865">
      <class name="com.example.requests.Curd_Operation">
        <test-method signature="get_list_of_users()[pri:0, instance:com.example.requests.Curd_Operation@6379eb]" started-at="2024-08-03T11:35:56 IST" name="get_list_of_users" finished-at="2024-08-03T11:36:00 IST" duration-ms="3720" status="PASS">
          <reporter-output>
          </reporter-output>
        </test-method> <!-- get_list_of_users -->
        <test-method signature="createUser()[pri:1, instance:com.example.requests.Curd_Operation@6379eb]" started-at="2024-08-03T11:36:00 IST" name="createUser" finished-at="2024-08-03T11:36:02 IST" duration-ms="2212" status="PASS">
          <reporter-output>
          </reporter-output>
        </test-method> <!-- createUser -->
        <test-method signature="updateUser()[pri:2, instance:com.example.requests.Curd_Operation@6379eb]" started-at="2024-08-03T11:36:02 IST" name="updateUser" finished-at="2024-08-03T11:36:02 IST" depends-on-methods="com.example.requests.Curd_Operation.createUser" duration-ms="402" status="PASS">
          <reporter-output>
          </reporter-output>
        </test-method> <!-- updateUser -->
        <test-method signature="deleteUser()[pri:3, instance:com.example.requests.Curd_Operation@6379eb]" started-at="2024-08-03T11:36:02 IST" name="deleteUser" finished-at="2024-08-03T11:36:03 IST" duration-ms="401" status="PASS">
          <reporter-output>
          </reporter-output>
        </test-method> <!-- deleteUser -->
      </class> <!-- com.example.requests.Curd_Operation -->
    </test> <!-- Default test -->
  </suite> <!-- Default suite -->
</testng-results>
